memory profiling: sample.interval=20000
:2883719:7152220:170478672:6:
:2883730:7152794:170486008:6:
:2907701:7156809:174574624:1468:"str" "<Anonymous>" "do.call" "strSub" "str.default" "str" "doTryCatch" "tryCatchOne" "tryCatchList" "tryCatch" "try" "...elt" "withVisible" "capture.output" "doTryCatch" "tryCatchOne" "tryCatchList" "tryCatch" ".rs.withTimeLimit" ".rs.valueFromStr" ".rs.valueContentsImpl" "doTryCatch" "tryCatchOne" "tryCatchList" "tryCatch" ".rs.valueContents" ".rs.describeObject" 
:2927293:7183549:178745168:704:"load" "getModelInfo" "train.default" "train" "train.formula" "caret::train" 
:2972012:7803828:187207552:2189:"as.list" "lapply" "FUN" "lapply" "findLocalsList1" "findLocalsList" "findLocals" "as.vector" "union" "addCenvVars" "comp" "e$fun" "%op%" "nominalTrainWorkflow" "train.default" "train" "train.formula" "caret::train" 
:3036574:7824235:198807000:4218:"cmp" "genCode" "cb$putconst" "cmpCallArgs" "cmpCallSymFun" "cmpCall" "cmp" "cmpSymbolAssign" "h" "tryInline" "cmpCall" "cmp" "h" "tryInline" "cmpCall" "cmp" "h" "tryInline" "cmpCall" "cmp" "h" "tryInline" "cmpCall" "cmp" "h" "tryInline" "cmpCall" "cmp" "h" "tryInline" "cmpCall" "cmp" "genCode" "comp" "e$fun" "%op%" "nominalTrainWorkflow" "train.default" "train" "train.formula" "caret::train" 
:3067848:7835390:204546496:2396:"make.argContext" "cmpComplexAssign" "h" "tryInline" "cmpCall" "cmp" "h" "tryInline" "cmpCall" "cmp" "cmpForBody" "h" "tryInline" "cmpCall" "cmp" "h" "tryInline" "cmpCall" "cmp" "h" "tryInline" "cmpCall" "cmp" "h" "tryInline" "cmpCall" "cmp" "h" "tryInline" "cmpCall" "cmp" "h" "tryInline" "cmpCall" "cmp" "genCode" "comp" "e$fun" "%op%" "nominalTrainWorkflow" "train.default" "train" "train.formula" "caret::train" 
:3103554:7848463:211539384:2996:"constantFoldCall" "constantFold" "constantFoldCall" "constantFold" "constantFoldCall" "constantFold" "h" "tryInline" "cmpCall" "cmp" "h" "tryInline" "cmpCall" "cmp" "h" "tryInline" "cmpCall" "cmp" "h" "tryInline" "cmpCall" "cmp" "genCode" "comp" "e$fun" "%op%" "nominalTrainWorkflow" "train.default" "train" "train.formula" "caret::train" 
:3136301:8781236:217731864:3201:"anyDuplicated" "[.data.frame" "[" "createModel" "doTryCatch" "tryCatchOne" "tryCatchList" "tryCatch" "try" "eval" "eval" "doTryCatch" "tryCatchOne" "tryCatchList" "tryCatch" "doTryCatch" "tryCatchOne" "tryCatchList" "tryCatch" "e$fun" "%op%" "nominalTrainWorkflow" "train.default" "train" "train.formula" "caret::train" 
:3149213:9289960:220272472:1876:"make.names" "createModel" "doTryCatch" "tryCatchOne" "tryCatchList" "tryCatch" "try" "eval" "eval" "doTryCatch" "tryCatchOne" "tryCatchList" "tryCatch" "doTryCatch" "tryCatchOne" "tryCatchList" "tryCatch" "e$fun" "%op%" "nominalTrainWorkflow" "train.default" "train" "train.formula" "caret::train" 
:3161196:10161715:222518408:1713:".Call" "glm.fit" "eval" "eval" "glm" "do.call" "method$fit" "createModel" "doTryCatch" "tryCatchOne" "tryCatchList" "tryCatch" "try" "eval" "eval" "doTryCatch" "tryCatchOne" "tryCatchList" "tryCatch" "doTryCatch" "tryCatchOne" "tryCatchList" "tryCatch" "e$fun" "%op%" "nominalTrainWorkflow" "train.default" "train" "train.formula" "caret::train" 
:3169412:10454893:224087136:1153:".Call" "linkinv" "glm.fit" "eval" "eval" "glm" "do.call" "method$fit" "createModel" "doTryCatch" "tryCatchOne" "tryCatchList" "tryCatch" "try" "eval" "eval" "doTryCatch" "tryCatchOne" "tryCatchList" "tryCatch" "doTryCatch" "tryCatchOne" "tryCatchList" "tryCatch" "e$fun" "%op%" "nominalTrainWorkflow" "train.default" "train" "train.formula" "caret::train" 
:3169412:10454893:224087136:0:".Call" "linkinv" "glm.fit" "eval" "eval" "glm" "do.call" "method$fit" "createModel" "doTryCatch" "tryCatchOne" "tryCatchList" "tryCatch" "try" "eval" "eval" "doTryCatch" "tryCatchOne" "tryCatchList" "tryCatch" "doTryCatch" "tryCatchOne" "tryCatchList" "tryCatch" "e$fun" "%op%" "nominalTrainWorkflow" "train.default" "train" "train.formula" "caret::train" 
:3177951:10880689:225728048:1218:"glm.fit" "eval" "eval" "glm" "do.call" "method$fit" "createModel" "doTryCatch" "tryCatchOne" "tryCatchList" "tryCatch" "try" "eval" "eval" "doTryCatch" "tryCatchOne" "tryCatchList" "tryCatch" "doTryCatch" "tryCatchOne" "tryCatchList" "tryCatch" "e$fun" "%op%" "nominalTrainWorkflow" "train.default" "train" "train.formula" "caret::train" 
:3186798:11457645:227378032:1278:"glm.fit" "eval" "eval" "glm" "do.call" "method$fit" "createModel" "doTryCatch" "tryCatchOne" "tryCatchList" "tryCatch" "try" "eval" "eval" "doTryCatch" "tryCatchOne" "tryCatchList" "tryCatch" "doTryCatch" "tryCatchOne" "tryCatchList" "tryCatch" "e$fun" "%op%" "nominalTrainWorkflow" "train.default" "train" "train.formula" "caret::train" 
:3187155:11590014:227413256:53:".Call" "linkinv" "glm.fit" "eval" "eval" "glm" "do.call" "method$fit" "createModel" "doTryCatch" "tryCatchOne" "tryCatchList" "tryCatch" "try" "eval" "eval" "doTryCatch" "tryCatchOne" "tryCatchList" "tryCatch" "doTryCatch" "tryCatchOne" "tryCatchList" "tryCatch" "e$fun" "%op%" "nominalTrainWorkflow" "train.default" "train" "train.formula" "caret::train" 
:3201187:12168808:230054440:1994:"nextElem.containeriter" "FUN" "lapply" "doTryCatch" "tryCatchOne" "tryCatchList" "tryCatch" "nextElem.iforeach" "nextElem" "doTryCatch" "tryCatchOne" "tryCatchList" "tryCatch" "nextElem.ixforeach" "nextElem" "doTryCatch" "tryCatchOne" "tryCatchList" "tryCatch" "e$fun" "%op%" "nominalTrainWorkflow" "train.default" "train" "train.formula" "caret::train" 
:3209164:12656449:231454776:991:"$" "accumulate.iforeach" "accumulate" "accumulate.ixforeach" "accumulate" "accumulator" "doTryCatch" "tryCatchOne" "tryCatchList" "tryCatch" "doTryCatch" "tryCatchOne" "tryCatchList" "tryCatch" "e$fun" "%op%" "nominalTrainWorkflow" "train.default" "train" "train.formula" "caret::train" 
:3214933:12660240:232786792:893:"merge.data.frame" "merge" "train.default" "train" "train.formula" "caret::train" 
